Build started 26/01/2015 16:10:36.
     1>Project "C:\Users\cmdadmin\Google Drive\VS2013_Projects\Solitaire\Templates\Templates.vcxproj" on node 2 (Build target(s)).
     1>ClCompile:
         C:\Program Files (x86)\Microsoft Visual Studio 12.0\VC\bin\CL.exe /c /ZI /nologo /W3 /WX- /sdl /Od /Oy- /D WIN32 /D _DEBUG /D _CONSOLE /D _LIB /D _UNICODE /D UNICODE /Gm /EHsc /RTC1 /MTd /GS /fp:precise /Zc:wchar_t /Zc:forScope /Yu"stdafx.h" /Fp"Debug\Solitaire.pch" /Fo"Debug\\" /Fd"Debug\vc120.pdb" /Gd /TP /analyze- /errorReport:prompt Main.cpp
         Main.cpp
     1>c:\users\cmdadmin\google drive\vs2013_projects\solitaire\templates\main.cpp(431): warning C4800: 'int' : forcing value to bool 'true' or 'false' (performance warning)
     1>c:\users\cmdadmin\google drive\vs2013_projects\solitaire\templates\main.cpp(436): warning C4800: 'int' : forcing value to bool 'true' or 'false' (performance warning)
     1>c:\users\cmdadmin\google drive\vs2013_projects\solitaire\templates\main.cpp(441): warning C4800: 'int' : forcing value to bool 'true' or 'false' (performance warning)
     1>c:\users\cmdadmin\google drive\vs2013_projects\solitaire\templates\main.cpp(449): warning C4800: 'int' : forcing value to bool 'true' or 'false' (performance warning)
     1>c:\users\cmdadmin\google drive\vs2013_projects\solitaire\templates\main.cpp(454): warning C4800: 'int' : forcing value to bool 'true' or 'false' (performance warning)
     1>c:\users\cmdadmin\google drive\vs2013_projects\solitaire\templates\main.cpp(459): warning C4800: 'int' : forcing value to bool 'true' or 'false' (performance warning)
     1>c:\users\cmdadmin\google drive\vs2013_projects\solitaire\templates\main.cpp(467): warning C4800: 'int' : forcing value to bool 'true' or 'false' (performance warning)
     1>c:\users\cmdadmin\google drive\vs2013_projects\solitaire\templates\main.cpp(472): warning C4800: 'int' : forcing value to bool 'true' or 'false' (performance warning)
     1>c:\users\cmdadmin\google drive\vs2013_projects\solitaire\templates\main.cpp(477): warning C4800: 'int' : forcing value to bool 'true' or 'false' (performance warning)
     1>c:\users\cmdadmin\google drive\vs2013_projects\solitaire\templates\main.cpp(485): warning C4800: 'int' : forcing value to bool 'true' or 'false' (performance warning)
     1>c:\users\cmdadmin\google drive\vs2013_projects\solitaire\templates\main.cpp(490): warning C4800: 'int' : forcing value to bool 'true' or 'false' (performance warning)
     1>c:\users\cmdadmin\google drive\vs2013_projects\solitaire\templates\main.cpp(495): warning C4800: 'int' : forcing value to bool 'true' or 'false' (performance warning)
     1>c:\users\cmdadmin\google drive\vs2013_projects\solitaire\templates\main.cpp(378): warning C4804: '<' : unsafe use of type 'bool' in operation
                 c:\users\cmdadmin\google drive\vs2013_projects\solitaire\templates\main.cpp(425) : see reference to function template instantiation 'bool isValid<bool>(Matrix<bool> &,Matrix<bool> &,int &,int &,char &)' being compiled
     1>c:\users\cmdadmin\google drive\vs2013_projects\solitaire\templates\main.cpp(387): warning C4804: '<' : unsafe use of type 'bool' in operation
     1>c:\users\cmdadmin\google drive\vs2013_projects\solitaire\templates\main.cpp(396): warning C4804: '<' : unsafe use of type 'bool' in operation
     1>c:\users\cmdadmin\google drive\vs2013_projects\solitaire\templates\main.cpp(405): warning C4804: '<' : unsafe use of type 'bool' in operation
       Link:
         C:\Program Files (x86)\Microsoft Visual Studio 12.0\VC\bin\link.exe /ERRORREPORT:PROMPT /OUT:"C:\Users\cmdadmin\Google Drive\VS2013_Projects\Solitaire\Debug\Solitaire.exe" /INCREMENTAL /NOLOGO kernel32.lib user32.lib gdi32.lib winspool.lib comdlg32.lib advapi32.lib shell32.lib ole32.lib oleaut32.lib uuid.lib odbc32.lib odbccp32.lib /MANIFEST /MANIFESTUAC:"level='asInvoker' uiAccess='false'" /manifest:embed /DEBUG /PDB:"C:\Users\cmdadmin\Google Drive\VS2013_Projects\Solitaire\Debug\Solitaire.pdb" /SUBSYSTEM:CONSOLE /TLBID:1 /DYNAMICBASE /NXCOMPAT /IMPLIB:"C:\Users\cmdadmin\Google Drive\VS2013_Projects\Solitaire\Debug\Solitaire.lib" /MACHINE:X86 Debug\Main.obj
         Debug\Matrix.obj
         Debug\stdafx.obj
         Debug\Vector.obj
         Templates.vcxproj -> C:\Users\cmdadmin\Google Drive\VS2013_Projects\Solitaire\Debug\Solitaire.exe
     1>Done Building Project "C:\Users\cmdadmin\Google Drive\VS2013_Projects\Solitaire\Templates\Templates.vcxproj" (Build target(s)).

Build succeeded.

Time Elapsed 00:00:03.77
